Performing system checks...

System check identified no issues (0 silenced).
May 11, 2026 - 23:03:52
Django version 5.1.4, using settings 'config.settings'
Starting development server at http://0.0.0.0:8000/
Quit the server with CTRL-BREAK.

Performing system checks...

System check identified no issues (0 silenced).
May 11, 2026 - 23:07:11
Django version 5.1.4, using settings 'config.settings'
Starting development server at http://0.0.0.0:8000/
Quit the server with CTRL-BREAK.

Performing system checks...

System check identified no issues (0 silenced).
May 11, 2026 - 23:07:24
Django version 5.1.4, using settings 'config.settings'
Starting development server at http://0.0.0.0:8000/
Quit the server with CTRL-BREAK.

Performing system checks...

System check identified no issues (0 silenced).
May 11, 2026 - 23:07:42
Django version 5.1.4, using settings 'config.settings'
Starting development server at http://0.0.0.0:8000/
Quit the server with CTRL-BREAK.

Performing system checks...

System check identified no issues (0 silenced).
May 11, 2026 - 23:07:49
Django version 5.1.4, using settings 'config.settings'
Starting development server at http://0.0.0.0:8000/
Quit the server with CTRL-BREAK.

Performing system checks...

System check identified no issues (0 silenced).
May 11, 2026 - 23:14:18
Django version 5.1.4, using settings 'config.settings'
Starting development server at http://0.0.0.0:8000/
Quit the server with CTRL-BREAK.

