Watching for file changes with StatReloader
Unauthorized: /api/me/
[11/May/2026 23:04:22] "GET /api/me/ HTTP/1.1" 401 58
Unauthorized: /api/
[11/May/2026 23:04:22] "GET /api/ HTTP/1.1" 401 58
[11/May/2026 23:04:49] "GET /api/me/ HTTP/1.1" 200 211
[11/May/2026 23:04:49] "GET /api/activity-logs/ HTTP/1.1" 200 541
[11/May/2026 23:04:58] "GET /api/bank-accounts/?mine=true HTTP/1.1" 200 2
[11/May/2026 23:05:00] "GET /api/merchants/?mine=true HTTP/1.1" 200 2
[11/May/2026 23:05:07] "GET /api/merchants/ HTTP/1.1" 200 2
[11/May/2026 23:05:07] "GET /api/activity-logs/ HTTP/1.1" 200 541
[11/May/2026 23:05:07] "GET /api/agents/ HTTP/1.1" 200 245
Internal Server Error: /api/merchants/
Traceback (most recent call last):
  File "C:\Users\sarbj\AppData\Local\Programs\Python\Python310\lib\site-packages\django\db\backends\utils.py", line 105, in _execute
    return self.cursor.execute(sql, params)
  File "C:\Users\sarbj\AppData\Local\Programs\Python\Python310\lib\site-packages\django\db\backends\sqlite3\base.py", line 354, in execute
    return super().execute(query, params)
sqlite3.IntegrityError: UNIQUE constraint failed: auth_user.username

The above exception was the direct cause of the following exception:

Traceback (most recent call last):
  File "C:\Users\sarbj\AppData\Local\Programs\Python\Python310\lib\site-packages\django\core\handlers\exception.py", line 55, in inner
    response = get_response(request)
  File "C:\Users\sarbj\AppData\Local\Programs\Python\Python310\lib\site-packages\django\core\handlers\base.py", line 197, in _get_response
    response = wrapped_callback(request, *callback_args, **callback_kwargs)
  File "C:\Users\sarbj\AppData\Local\Programs\Python\Python310\lib\site-packages\django\views\decorators\csrf.py", line 65, in _view_wrapper
    return view_func(request, *args, **kwargs)
  File "C:\Users\sarbj\AppData\Local\Programs\Python\Python310\lib\site-packages\rest_framework\viewsets.py", line 124, in view
    return self.dispatch(request, *args, **kwargs)
  File "C:\Users\sarbj\AppData\Local\Programs\Python\Python310\lib\site-packages\rest_framework\views.py", line 509, in dispatch
    response = self.handle_exception(exc)
  File "C:\Users\sarbj\AppData\Local\Programs\Python\Python310\lib\site-packages\rest_framework\views.py", line 469, in handle_exception
    self.raise_uncaught_exception(exc)
  File "C:\Users\sarbj\AppData\Local\Programs\Python\Python310\lib\site-packages\rest_framework\views.py", line 480, in raise_uncaught_exception
    raise exc
  File "C:\Users\sarbj\AppData\Local\Programs\Python\Python310\lib\site-packages\rest_framework\views.py", line 506, in dispatch
    response = handler(request, *args, **kwargs)
  File "C:\Users\sarbj\AppData\Local\Programs\Python\Python310\lib\site-packages\rest_framework\mixins.py", line 19, in create
    self.perform_create(serializer)
  File "D:\2026\fintech-crm-complete\backend\crm\views.py", line 160, in perform_create
    instance = serializer.save()
  File "C:\Users\sarbj\AppData\Local\Programs\Python\Python310\lib\site-packages\rest_framework\serializers.py", line 208, in save
    self.instance = self.create(validated_data)
  File "D:\2026\fintech-crm-complete\backend\crm\serializers.py", line 96, in create
    user = create_user(user_data["email"], password, name)
  File "D:\2026\fintech-crm-complete\backend\crm\serializers.py", line 33, in create_user
    user = User.objects.create_user(username=email, email=email, password=password)
  File "C:\Users\sarbj\AppData\Local\Programs\Python\Python310\lib\site-packages\django\contrib\auth\models.py", line 162, in create_user
    return self._create_user(username, email, password, **extra_fields)
  File "C:\Users\sarbj\AppData\Local\Programs\Python\Python310\lib\site-packages\django\contrib\auth\models.py", line 156, in _create_user
    user.save(using=self._db)
  File "C:\Users\sarbj\AppData\Local\Programs\Python\Python310\lib\site-packages\django\contrib\auth\base_user.py", line 62, in save
    super().save(*args, **kwargs)
  File "C:\Users\sarbj\AppData\Local\Programs\Python\Python310\lib\site-packages\django\db\models\base.py", line 892, in save
    self.save_base(
  File "C:\Users\sarbj\AppData\Local\Programs\Python\Python310\lib\site-packages\django\db\models\base.py", line 998, in save_base
    updated = self._save_table(
  File "C:\Users\sarbj\AppData\Local\Programs\Python\Python310\lib\site-packages\django\db\models\base.py", line 1161, in _save_table
    results = self._do_insert(
  File "C:\Users\sarbj\AppData\Local\Programs\Python\Python310\lib\site-packages\django\db\models\base.py", line 1202, in _do_insert
    return manager._insert(
  File "C:\Users\sarbj\AppData\Local\Programs\Python\Python310\lib\site-packages\django\db\models\manager.py", line 87, in manager_method
    return getattr(self.get_queryset(), name)(*args, **kwargs)
  File "C:\Users\sarbj\AppData\Local\Programs\Python\Python310\lib\site-packages\django\db\models\query.py", line 1847, in _insert
    return query.get_compiler(using=using).execute_sql(returning_fields)
  File "C:\Users\sarbj\AppData\Local\Programs\Python\Python310\lib\site-packages\django\db\models\sql\compiler.py", line 1836, in execute_sql
    cursor.execute(sql, params)
  File "C:\Users\sarbj\AppData\Local\Programs\Python\Python310\lib\site-packages\django\db\backends\utils.py", line 122, in execute
    return super().execute(sql, params)
  File "C:\Users\sarbj\AppData\Local\Programs\Python\Python310\lib\site-packages\django\db\backends\utils.py", line 79, in execute
    return self._execute_with_wrappers(
  File "C:\Users\sarbj\AppData\Local\Programs\Python\Python310\lib\site-packages\django\db\backends\utils.py", line 92, in _execute_with_wrappers
    return executor(sql, params, many, context)
  File "C:\Users\sarbj\AppData\Local\Programs\Python\Python310\lib\site-packages\django\db\backends\utils.py", line 100, in _execute
    with self.db.wrap_database_errors:
  File "C:\Users\sarbj\AppData\Local\Programs\Python\Python310\lib\site-packages\django\db\utils.py", line 91, in __exit__
    raise dj_exc_value.with_traceback(traceback) from exc_value
  File "C:\Users\sarbj\AppData\Local\Programs\Python\Python310\lib\site-packages\django\db\backends\utils.py", line 105, in _execute
    return self.cursor.execute(sql, params)
  File "C:\Users\sarbj\AppData\Local\Programs\Python\Python310\lib\site-packages\django\db\backends\sqlite3\base.py", line 354, in execute
    return super().execute(query, params)
django.db.utils.IntegrityError: UNIQUE constraint failed: auth_user.username
[11/May/2026 23:05:27] "POST /api/merchants/ HTTP/1.1" 500 219121
Internal Server Error: /api/merchants/
Traceback (most recent call last):
  File "C:\Users\sarbj\AppData\Local\Programs\Python\Python310\lib\site-packages\django\db\backends\utils.py", line 105, in _execute
    return self.cursor.execute(sql, params)
  File "C:\Users\sarbj\AppData\Local\Programs\Python\Python310\lib\site-packages\django\db\backends\sqlite3\base.py", line 354, in execute
    return super().execute(query, params)
sqlite3.IntegrityError: UNIQUE constraint failed: auth_user.username

The above exception was the direct cause of the following exception:

Traceback (most recent call last):
  File "C:\Users\sarbj\AppData\Local\Programs\Python\Python310\lib\site-packages\django\core\handlers\exception.py", line 55, in inner
    response = get_response(request)
  File "C:\Users\sarbj\AppData\Local\Programs\Python\Python310\lib\site-packages\django\core\handlers\base.py", line 197, in _get_response
    response = wrapped_callback(request, *callback_args, **callback_kwargs)
  File "C:\Users\sarbj\AppData\Local\Programs\Python\Python310\lib\site-packages\django\views\decorators\csrf.py", line 65, in _view_wrapper
    return view_func(request, *args, **kwargs)
  File "C:\Users\sarbj\AppData\Local\Programs\Python\Python310\lib\site-packages\rest_framework\viewsets.py", line 124, in view
    return self.dispatch(request, *args, **kwargs)
  File "C:\Users\sarbj\AppData\Local\Programs\Python\Python310\lib\site-packages\rest_framework\views.py", line 509, in dispatch
    response = self.handle_exception(exc)
  File "C:\Users\sarbj\AppData\Local\Programs\Python\Python310\lib\site-packages\rest_framework\views.py", line 469, in handle_exception
    self.raise_uncaught_exception(exc)
  File "C:\Users\sarbj\AppData\Local\Programs\Python\Python310\lib\site-packages\rest_framework\views.py", line 480, in raise_uncaught_exception
    raise exc
  File "C:\Users\sarbj\AppData\Local\Programs\Python\Python310\lib\site-packages\rest_framework\views.py", line 506, in dispatch
    response = handler(request, *args, **kwargs)
  File "C:\Users\sarbj\AppData\Local\Programs\Python\Python310\lib\site-packages\rest_framework\mixins.py", line 19, in create
    self.perform_create(serializer)
  File "D:\2026\fintech-crm-complete\backend\crm\views.py", line 160, in perform_create
    instance = serializer.save()
  File "C:\Users\sarbj\AppData\Local\Programs\Python\Python310\lib\site-packages\rest_framework\serializers.py", line 208, in save
    self.instance = self.create(validated_data)
  File "D:\2026\fintech-crm-complete\backend\crm\serializers.py", line 96, in create
    user = create_user(user_data["email"], password, name)
  File "D:\2026\fintech-crm-complete\backend\crm\serializers.py", line 33, in create_user
    user = User.objects.create_user(username=email, email=email, password=password)
  File "C:\Users\sarbj\AppData\Local\Programs\Python\Python310\lib\site-packages\django\contrib\auth\models.py", line 162, in create_user
    return self._create_user(username, email, password, **extra_fields)
  File "C:\Users\sarbj\AppData\Local\Programs\Python\Python310\lib\site-packages\django\contrib\auth\models.py", line 156, in _create_user
    user.save(using=self._db)
  File "C:\Users\sarbj\AppData\Local\Programs\Python\Python310\lib\site-packages\django\contrib\auth\base_user.py", line 62, in save
    super().save(*args, **kwargs)
  File "C:\Users\sarbj\AppData\Local\Programs\Python\Python310\lib\site-packages\django\db\models\base.py", line 892, in save
    self.save_base(
  File "C:\Users\sarbj\AppData\Local\Programs\Python\Python310\lib\site-packages\django\db\models\base.py", line 998, in save_base
    updated = self._save_table(
  File "C:\Users\sarbj\AppData\Local\Programs\Python\Python310\lib\site-packages\django\db\models\base.py", line 1161, in _save_table
    results = self._do_insert(
  File "C:\Users\sarbj\AppData\Local\Programs\Python\Python310\lib\site-packages\django\db\models\base.py", line 1202, in _do_insert
    return manager._insert(
  File "C:\Users\sarbj\AppData\Local\Programs\Python\Python310\lib\site-packages\django\db\models\manager.py", line 87, in manager_method
    return getattr(self.get_queryset(), name)(*args, **kwargs)
  File "C:\Users\sarbj\AppData\Local\Programs\Python\Python310\lib\site-packages\django\db\models\query.py", line 1847, in _insert
    return query.get_compiler(using=using).execute_sql(returning_fields)
  File "C:\Users\sarbj\AppData\Local\Programs\Python\Python310\lib\site-packages\django\db\models\sql\compiler.py", line 1836, in execute_sql
    cursor.execute(sql, params)
  File "C:\Users\sarbj\AppData\Local\Programs\Python\Python310\lib\site-packages\django\db\backends\utils.py", line 122, in execute
    return super().execute(sql, params)
  File "C:\Users\sarbj\AppData\Local\Programs\Python\Python310\lib\site-packages\django\db\backends\utils.py", line 79, in execute
    return self._execute_with_wrappers(
  File "C:\Users\sarbj\AppData\Local\Programs\Python\Python310\lib\site-packages\django\db\backends\utils.py", line 92, in _execute_with_wrappers
    return executor(sql, params, many, context)
  File "C:\Users\sarbj\AppData\Local\Programs\Python\Python310\lib\site-packages\django\db\backends\utils.py", line 100, in _execute
    with self.db.wrap_database_errors:
  File "C:\Users\sarbj\AppData\Local\Programs\Python\Python310\lib\site-packages\django\db\utils.py", line 91, in __exit__
    raise dj_exc_value.with_traceback(traceback) from exc_value
  File "C:\Users\sarbj\AppData\Local\Programs\Python\Python310\lib\site-packages\django\db\backends\utils.py", line 105, in _execute
    return self.cursor.execute(sql, params)
  File "C:\Users\sarbj\AppData\Local\Programs\Python\Python310\lib\site-packages\django\db\backends\sqlite3\base.py", line 354, in execute
    return super().execute(query, params)
django.db.utils.IntegrityError: UNIQUE constraint failed: auth_user.username
[11/May/2026 23:05:40] "POST /api/merchants/ HTTP/1.1" 500 219107
D:\2026\fintech-crm-complete\backend\crm\serializers.py changed, reloading.
Watching for file changes with StatReloader
D:\2026\fintech-crm-complete\backend\crm\serializers.py changed, reloading.
Watching for file changes with StatReloader
D:\2026\fintech-crm-complete\backend\crm\views.py changed, reloading.
Watching for file changes with StatReloader
D:\2026\fintech-crm-complete\backend\crm\views.py changed, reloading.
Watching for file changes with StatReloader
[11/May/2026 23:08:16] "OPTIONS /api/merchants/ HTTP/1.1" 200 0
[11/May/2026 23:08:16] "OPTIONS /api/agents/ HTTP/1.1" 200 0
[11/May/2026 23:08:16] "OPTIONS /api/activity-logs/ HTTP/1.1" 200 0
[11/May/2026 23:08:16] "GET /api/merchants/ HTTP/1.1" 200 2
[11/May/2026 23:08:16] "GET /api/agents/ HTTP/1.1" 200 245
[11/May/2026 23:08:16] "GET /api/activity-logs/ HTTP/1.1" 200 541
Bad Request: /api/merchants/
[11/May/2026 23:08:23] "POST /api/merchants/ HTTP/1.1" 400 51
[11/May/2026 23:08:40] "POST /api/merchants/ HTTP/1.1" 201 135
[11/May/2026 23:08:40] "GET /api/activity-logs/ HTTP/1.1" 200 708
[11/May/2026 23:08:40] "GET /api/merchants/ HTTP/1.1" 200 137
[11/May/2026 23:08:57] "POST /api/auth/login/ HTTP/1.1" 200 570
[11/May/2026 23:08:57] "OPTIONS /api/agents/?mine=true HTTP/1.1" 200 0
[11/May/2026 23:08:57] "GET /api/bank-accounts/?mine=true HTTP/1.1" 200 2
[11/May/2026 23:08:57] "GET /api/activity-logs/ HTTP/1.1" 200 708
[11/May/2026 23:08:57] "GET /api/agents/?mine=true HTTP/1.1" 200 2
[11/May/2026 23:09:43] "GET /api/activity-logs/ HTTP/1.1" 200 708
[11/May/2026 23:09:43] "GET /api/agents/ HTTP/1.1" 200 245
[11/May/2026 23:09:45] "GET /api/merchants/ HTTP/1.1" 200 137
[11/May/2026 23:09:46] "GET /api/bank-accounts/ HTTP/1.1" 200 2
[11/May/2026 23:10:17] "GET /api/activity-logs/ HTTP/1.1" 200 708
[11/May/2026 23:10:17] "GET /api/bank-accounts/?mine=true HTTP/1.1" 200 2
[11/May/2026 23:10:26] "POST /api/auth/login/ HTTP/1.1" 200 581
[11/May/2026 23:10:29] "GET /api/agents/ HTTP/1.1" 200 245
[11/May/2026 23:10:29] "GET /api/merchants/ HTTP/1.1" 200 137
[11/May/2026 23:12:00] "GET /api/activity-logs/ HTTP/1.1" 200 708
[11/May/2026 23:12:01] "GET /api/me/ HTTP/1.1" 200 211
[11/May/2026 23:12:23] "GET /api/merchants/?mine=true HTTP/1.1" 200 2
[11/May/2026 23:14:08] "GET /admin/crm/bankaccount/ HTTP/1.1" 200 9496
[11/May/2026 23:14:08] "GET /static/admin/css/base.css HTTP/1.1" 304 0
[11/May/2026 23:14:08] "GET /static/admin/js/theme.js HTTP/1.1" 304 0
[11/May/2026 23:14:08] "GET /static/admin/css/dark_mode.css HTTP/1.1" 304 0
[11/May/2026 23:14:08] "GET /static/admin/css/changelists.css HTTP/1.1" 304 0
[11/May/2026 23:14:08] "GET /static/admin/css/nav_sidebar.css HTTP/1.1" 304 0
[11/May/2026 23:14:08] "GET /static/admin/css/responsive.css HTTP/1.1" 304 0
[11/May/2026 23:14:08] "GET /static/admin/js/vendor/jquery/jquery.js HTTP/1.1" 304 0
[11/May/2026 23:14:08] "GET /static/admin/js/jquery.init.js HTTP/1.1" 304 0
[11/May/2026 23:14:08] "GET /static/admin/js/core.js HTTP/1.1" 304 0
[11/May/2026 23:14:08] "GET /admin/jsi18n/ HTTP/1.1" 200 3342
[11/May/2026 23:14:08] "GET /static/admin/js/admin/RelatedObjectLookups.js HTTP/1.1" 304 0
[11/May/2026 23:14:08] "GET /static/admin/js/actions.js HTTP/1.1" 304 0
[11/May/2026 23:14:08] "GET /static/admin/js/prepopulate.js HTTP/1.1" 304 0
[11/May/2026 23:14:08] "GET /static/admin/js/urlify.js HTTP/1.1" 304 0
[11/May/2026 23:14:08] "GET /static/admin/js/vendor/xregexp/xregexp.js HTTP/1.1" 304 0
[11/May/2026 23:14:08] "GET /static/admin/js/nav_sidebar.js HTTP/1.1" 304 0
[11/May/2026 23:14:08] "GET /static/admin/js/filters.js HTTP/1.1" 304 0
Not Found: /favicon.ico
[11/May/2026 23:14:08] "GET /favicon.ico HTTP/1.1" 404 2355
[11/May/2026 23:14:10] "GET /admin/crm/bankaccount/add/ HTTP/1.1" 200 30648
[11/May/2026 23:14:10] "GET /static/admin/css/forms.css HTTP/1.1" 304 0
[11/May/2026 23:14:10] "GET /static/admin/js/prepopulate_init.js HTTP/1.1" 304 0
[11/May/2026 23:14:10] "GET /static/admin/css/widgets.css HTTP/1.1" 304 0
[11/May/2026 23:14:10] "GET /admin/jsi18n/ HTTP/1.1" 200 3342
[11/May/2026 23:14:10] "GET /static/admin/img/icon-changelink.svg HTTP/1.1" 304 0
[11/May/2026 23:14:10] "GET /static/admin/img/icon-addlink.svg HTTP/1.1" 304 0
[11/May/2026 23:14:10] "GET /static/admin/img/icon-viewlink.svg HTTP/1.1" 304 0
[11/May/2026 23:14:10] "GET /static/admin/js/change_form.js HTTP/1.1" 304 0
[11/May/2026 23:14:10] "GET /static/admin/img/icon-deletelink.svg HTTP/1.1" 200 392
D:\2026\fintech-crm-complete\backend\crm\models.py changed, reloading.
Watching for file changes with StatReloader
[11/May/2026 23:14:36] "GET /api/merchants/?mine=true HTTP/1.1" 200 2
[11/May/2026 23:14:36] "GET /api/activity-logs/ HTTP/1.1" 200 708
[11/May/2026 23:14:36] "GET /api/activity-logs/ HTTP/1.1" 200 708
[11/May/2026 23:16:43] "GET /api/activity-logs/ HTTP/1.1" 200 708
[11/May/2026 23:16:47] "GET /api/bank-accounts/?mine=true HTTP/1.1" 200 2
[11/May/2026 23:17:04] "GET /api/agents/ HTTP/1.1" 200 245
[11/May/2026 23:17:04] "GET /api/merchants/ HTTP/1.1" 200 137
[11/May/2026 23:17:04] "GET /api/bank-accounts/ HTTP/1.1" 200 2
[11/May/2026 23:17:04] "GET /api/activity-logs/ HTTP/1.1" 200 708
D:\2026\fintech-crm-complete\backend\config\settings.py changed, reloading.
Watching for file changes with StatReloader
[12/May/2026 10:38:40] "OPTIONS /api/activity-logs/ HTTP/1.1" 200 0
[12/May/2026 10:38:40] "OPTIONS /api/bank-accounts/?mine=true HTTP/1.1" 200 0
Unauthorized: /api/bank-accounts/
Unauthorized: /api/activity-logs/
[12/May/2026 10:38:40] "GET /api/bank-accounts/?mine=true HTTP/1.1" 401 183
[12/May/2026 10:38:40] "GET /api/activity-logs/ HTTP/1.1" 401 183
[12/May/2026 11:17:46] "OPTIONS /api/auth/login/ HTTP/1.1" 200 0
[12/May/2026 11:17:46] "POST /api/auth/login/ HTTP/1.1" 200 580
[12/May/2026 11:17:46] "OPTIONS /api/agents/ HTTP/1.1" 200 0
[12/May/2026 11:17:46] "OPTIONS /api/merchants/ HTTP/1.1" 200 0
[12/May/2026 11:17:46] "OPTIONS /api/bank-accounts/ HTTP/1.1" 200 0
[12/May/2026 11:17:46] "OPTIONS /api/activity-logs/ HTTP/1.1" 200 0
[12/May/2026 11:17:46] "GET /api/merchants/ HTTP/1.1" 200 137
[12/May/2026 11:17:46] "GET /api/agents/ HTTP/1.1" 200 245
[12/May/2026 11:17:47] "GET /api/bank-accounts/ HTTP/1.1" 200 2
[12/May/2026 11:17:47] "GET /api/activity-logs/ HTTP/1.1" 200 708
